\BOOKMARK [0][-]{section*.1}{\376\377\272\251\000\040\314\050}{}% 1
\BOOKMARK [0][-]{chapter*.2}{\376\377\272\070\271\254\271\320}{}% 2
\BOOKMARK [0][-]{chapter*.13}{\376\377\306\056\256\064\307\164\000\040\272\070\271\254\271\320}{}% 3
\BOOKMARK [0][-]{chapter.1}{\376\377\274\365\301\214\302\030\306\100\000\040\256\060\325\130\325\131\310\001\000\040\307\130\273\370}{}% 4
\BOOKMARK [1][-]{section.1.1}{\376\377\274\365\301\214\302\030\314\264}{chapter.1}% 5
\BOOKMARK [1][-]{section.1.2}{\376\377\274\365\301\214\302\030\307\130\000\040\256\060\325\130\325\131\310\001\000\040\324\134\326\004}{chapter.1}% 6
\BOOKMARK [1][-]{section.1.3}{\376\377\000C\307\130\000\040\307\004\300\301}{chapter.1}% 7
\BOOKMARK [2][-]{subsection.1.3.1}{\376\377\000C\305\320\301\034\307\130\000\040\254\160\271\254\000\040\254\034\261\120}{section.1.3}% 8
\BOOKMARK [2][-]{subsection.1.3.2}{\376\377\305\364\271\260\000\040\306\320\323\020\000,\000\040\305\364\271\260\000\040\311\321\325\151\000,\000\040\262\353\327\214\000\040\311\321\325\151\000,\000\040\317\144\323\051\322\270\000\040\311\321\325\151}{section.1.3}% 9
\BOOKMARK [2][-]{subsection.1.3.3}{\376\377\302\030\270\064\301\061\254\374\000\040\305\360\301\215\301\061}{section.1.3}% 10
\BOOKMARK [2][-]{subsection.1.3.4}{\376\377\306\001\305\355}{section.1.3}% 11
\BOOKMARK [1][-]{section.1.4}{\376\377\311\300\302\030\325\150\302\030\306\100\000\040\255\000\270\050\000\040\325\150\302\030\264\344}{chapter.1}% 12
\BOOKMARK [2][-]{subsection.1.4.1}{\376\377\311\300\302\030\325\150\302\030\000\040\000z}{section.1.4}% 13
\BOOKMARK [2][-]{subsection.1.4.2}{\376\377\300\274\254\001\325\150\302\030}{section.1.4}% 14
\BOOKMARK [2][-]{subsection.1.4.3}{\376\377\270\134\255\370\325\150\302\030}{section.1.4}% 15
\BOOKMARK [1][-]{section.1.5}{\376\377\314\070\254\340}{chapter.1}% 16
\BOOKMARK [0][-]{chapter.2}{\376\377\274\365\301\214\273\370\275\204}{}% 17
\BOOKMARK [1][-]{section.2.1}{\376\377\274\365\301\214\000\040\273\370\275\204\254\000\262\245\301\061}{chapter.2}% 18
\BOOKMARK [1][-]{section.2.2}{\376\377\317\124\302\334\000-\271\254\271\314\000\040\274\051\310\025\302\335}{chapter.2}% 19
\BOOKMARK [1][-]{section.2.3}{\376\377\274\365\301\214\273\370\275\204\307\130\000\040\256\060\325\130\325\131\310\001\000\040\307\130\273\370}{chapter.2}% 20
\BOOKMARK [1][-]{section.2.4}{\376\377\000d\000-\000b\000a\000r\000\040\305\360\300\260\307\220}{chapter.2}% 21
\BOOKMARK [1][-]{section.2.5}{\376\377\314\070\254\340}{chapter.2}% 22
\BOOKMARK [0][-]{chapter.3}{\376\377\317\124\302\334\000\040\310\001\275\204\000\040\310\025\271\254\306\100\000\040\307\121\306\251}{}% 23
\BOOKMARK [1][-]{section.3.1}{\376\377\254\275\270\134\310\001\275\204\307\130\000\040\310\025\307\130}{chapter.3}% 24
\BOOKMARK [2][-]{subsection.3.1.1}{\376\377\325\130\260\230\307\130\000\040\311\021\306\224\325\134\000\040\310\001\275\204\254\304\300\260}{section.3.1}% 25
\BOOKMARK [1][-]{section.3.2}{\376\377\254\275\270\134\310\001\275\204\307\130\000\040\301\061\311\310}{chapter.3}% 26
\BOOKMARK [1][-]{section.3.3}{\376\377\254\275\270\134\310\001\275\204\307\130\000\040\256\060\274\370\310\025\271\254}{chapter.3}% 27
\BOOKMARK [1][-]{section.3.4}{\376\377\317\124\302\334\000\040\310\001\275\204\310\025\271\254}{chapter.3}% 28
\BOOKMARK [2][-]{subsection.3.4.1}{\376\377\322\271\274\304\325\134\000\040\254\275\306\260\000:\000\040\262\350\302\034\305\360\254\260\000\040\306\001\305\355}{section.3.4}% 29
\BOOKMARK [2][-]{subsection.3.4.2}{\376\377\274\365\301\214\325\164\301\035\325\150\302\030\254\000\000\040\305\104\262\314\000\040\254\275\306\260\262\224\000\040\305\264\265\273\254\214\000\040\264\040\256\114\000?}{section.3.4}% 30
\BOOKMARK [1][-]{section.3.5}{\376\377\275\200\310\025\310\001\275\204\307\130\000\040\310\164\307\254\301\061}{chapter.3}% 31
\BOOKMARK [1][-]{section.3.6}{\376\377\317\124\302\334\000\040\310\001\275\204\254\365\302\335}{chapter.3}% 32
\BOOKMARK [1][-]{section.3.7}{\376\377\274\365\301\214\325\164\301\035\325\150\302\030\262\224\000\040\273\064\325\134\274\210\000\040\273\370\275\204\254\000\262\245\325\130\262\344}{chapter.3}% 33
\BOOKMARK [1][-]{section.3.8}{\376\377\271\254\306\260\276\104\307\040\000\040\310\025\271\254\306\100\000\040\263\000\302\030\325\131\307\130\000\040\256\060\274\370\310\025\271\254}{chapter.3}% 34
\BOOKMARK [1][-]{section.3.9}{\376\377\272\250\270\010\267\174\000\040\310\025\271\254\000:\000\040\317\124\302\334\000\040\310\001\275\204\310\025\271\254\307\130\000\040\305\355}{chapter.3}% 35
\BOOKMARK [1][-]{section.3.10}{\376\377\314\070\254\340}{chapter.3}% 36
\BOOKMARK [0][-]{chapter.4}{\376\377\321\114\307\174\267\354\000\040\256\011\302\030\306\100\000\040\270\134\267\221\000\040\256\011\302\030}{}% 37
\BOOKMARK [1][-]{section.4.1}{\376\377\256\011\302\030}{chapter.4}% 38
\BOOKMARK [1][-]{section.4.2}{\376\377\256\011\302\030}{chapter.4}% 39
\BOOKMARK [2][-]{subsection.4.2.1}{\376\377\310\034\254\361\256\011\302\030\306\100\000\040\302\030\270\064\306\001\305\355}{section.4.2}% 40
\BOOKMARK [2][-]{subsection.4.2.2}{\376\377\274\365\301\214\325\164\301\035\325\150\302\030\307\130\000\040\310\034\254\361\256\011\302\030}{section.4.2}% 41
\BOOKMARK [1][-]{section.4.3}{\376\377\321\114\307\174\267\354\000\040\256\011\302\030}{chapter.4}% 42
\BOOKMARK [1][-]{section.4.4}{\376\377\255\374\307\130\000\040\275\204\271\130}{chapter.4}% 43
\BOOKMARK [1][-]{section.4.5}{\376\377\325\155\264\361\310\025\271\254}{chapter.4}% 44
\BOOKMARK [1][-]{section.4.6}{\376\377\315\134\263\000\310\010\263\000\254\022\310\025\271\254}{chapter.4}% 45
\BOOKMARK [1][-]{section.4.7}{\376\377\270\134\267\221\000\040\256\011\302\030}{chapter.4}% 46
\BOOKMARK [1][-]{section.4.8}{\376\377\322\271\307\164\310\020\307\130\000\040\275\204\271\130}{chapter.4}% 47
\BOOKMARK [2][-]{subsection.4.8.1}{\376\377\274\370\311\310\310\001\000\040\322\271\307\164\310\020\000\040\255\374\274\051\305\320\301\034\307\130\000\040\305\355\263\331\310\001\000\040\274\300\326\124}{section.4.8}% 48
\BOOKMARK [1][-]{section.4.9}{\376\377\307\040\302\030\000\040\310\025\271\254}{chapter.4}% 49
\BOOKMARK [1][-]{section.4.10}{\376\377\314\070\254\340}{chapter.4}% 50
\BOOKMARK [0][-]{chapter.5}{\376\377\310\160\326\124\325\150\302\030}{}% 51
\BOOKMARK [1][-]{section.5.1}{\376\377\310\160\326\124\325\150\302\030\267\200\000?}{chapter.5}% 52
\BOOKMARK [1][-]{section.5.2}{\376\377\310\160\326\124\325\150\302\030\306\100\000\040\274\365\301\214\325\164\301\035\325\150\302\030\307\130\000\040\305\360\254\260\254\340\271\254\262\224\000\040\273\064\305\307\307\170\254\000\000?}{chapter.5}% 53
\BOOKMARK [1][-]{section.5.3}{\376\377\000\050\274\365\301\214\325\164\301\035\325\150\302\030\000\040\000\040\310\160\326\124\325\150\302\030\000\051\307\130\000\040\305\221\274\051\325\245\301\061\307\130\000\040\254\260\254\374\264\344}{chapter.5}% 54
\BOOKMARK [2][-]{subsection.5.3.1}{\376\377\271\344\260\104\267\354\306\264\000\040\310\160\326\124\325\150\302\030}{section.5.3}% 55
\BOOKMARK [2][-]{subsection.5.3.2}{\376\377\323\311\255\340\254\022\000\040\310\025\271\254}{section.5.3}% 56
\BOOKMARK [2][-]{subsection.5.3.3}{\376\377\315\134\263\000\306\320\271\254}{section.5.3}% 57
\BOOKMARK [1][-]{section.5.4}{\376\377\265\024\271\254\320\164\270\010\000\040\273\070\310\034\307\130\000\040\325\164\307\130\000\040\307\040\307\174\301\061}{chapter.5}% 58
\BOOKMARK [1][-]{section.5.5}{\376\377\314\070\254\340}{chapter.5}% 59
\BOOKMARK [0][-]{chapter*.105}{\376\377\305\360\302\265\273\070\310\034\000\040\324\200\307\164}{}% 60
